Turbo Assembler	 Version 5.0	    11-30-22 09:58:12	    Page 1
code.asm



      1					 includelib import32.lib
      2					 ; имена используемых функций из kernel32.dll
      3					  extrn	ExitProcess:near
      4					  extrn	GetCommandLineA:near
      5					  extrn	CreateFileA:near
      6					  extrn	GetFileAttributesA:near
      7					  extrn	SetFileAttributesA:near
      8					  extrn	WriteFile:near
      9					  extrn	  GetLastError:near
     10					 ; присваивания	для облегчения читаемости кода
     11					  GetCommandLine equ GetCommandLineA
     12					  CreateFile equ CreateFileA
     13					 ; определения констант	и типов
     14		  =-000B		 STD_OUTPUT_HANDLE equ -11
     15		  = 80000000h		 GENERIC_READ equ 80000000h
     16		  = 40000000h		 GENERIC_WRITE equ 40000000h
     17		  =0003			 OPEN_EXISTING equ 3
     18					 ; Консольное приложение, выводящее на консоль
     19					 ; файл
     20					 .386
     21	00000000			 .model	FLAT,STDCALL
     22	00000000			 .data
     23
     24	00000000  43 4F	4E 4F 55 54 24	 nameout db 'CONOUT$'
     25	00000007  ????????		 hcons dd ?
     26	0000000B  ????????		 numw	    dd	  ?
     27	0000000F  50 75	74 69 6E 20 6D+	 str2  db 'Putin molodec',0
     28		  6F 6C	6F 64 65 63 00
     29	0000001D  46 69	6C 65 20 6E 6F+	 str1  db 'File	not found',0
     30		  74 20	66 6F 75 6E 64+
     31		  00
     32
     33	0000002C			 .code
     34	00000000			 _start:
     35					  call	  CreateFile,offset nameout,GENERIC_READ+GENERIC_WRITE,0,0,OPEN_EXISTING,0,0
1    36	00000000  6A 00				 PUSH	 0
1    37	00000002  6A 00				 PUSH	 0
1    38	00000004  6A 03				 PUSH	 OPEN_EXISTING
1    39	00000006  6A 00				 PUSH	 0
1    40	00000008  6A 00				 PUSH	 0
1    41	0000000A  68 C0000000			 PUSH	 80000000H+40000000H
1    42	0000000F  68 00000000r			 PUSH	 offset	nameout
1    43	00000014  E8 00000000e			 CALL	 CreateFileA
     44	00000019  A3 00000007r				 mov	 hcons,eax		 ;получение ссылки на консоль как на файл
     45	0000001E  E8 00000000e				 call	 GetCommandLine		 ;в EAX	- указатель на коммандную строку
     46	00000023  8B F0					 mov	 esi,eax
     47	00000025  33 C9					 xor	 ecx,ecx		 ;счетчик
     48	00000027  BA 00000001				 mov	 edx,1			 ;признак
     49	0000002C  80 3E	00		 n1:		 cmp	 byte ptr [esi],0	 ;конец	строки
     50	0000002F  74 7C	90 90 90 90			 je	 end_			 ;нет параметра
     51	00000035  80 3E	20				 cmp	 byte ptr [esi],32	 ;пробел
     52	00000038  74 16	90 90 90 90			 je	 n3
     53	0000003E  03 CA					 add	 ecx,edx
     54	00000040  83 F9	02				 cmp	 ecx,2			 ;Первый параметр - имя	программы. Второй - +
     55					 имя файла.
     56	00000043  74 11	90 90 90 90			 je	 n4
     57	00000049  33 D2					 xor	 edx,edx
Turbo Assembler	 Version 5.0	    11-30-22 09:58:12	    Page 2
code.asm



     58	0000004B  EB 06	90 90 90			 jmp	 n2
     59	00000050  83 CA	01		 n3:		 or	 edx,1
     60	00000053  46			 n2:		 inc	 esi
     61	00000054  EB D6					 jmp	 n1
     62	00000056			 n4:		 call	 GetFileAttributesA,esi
1    63	00000056  56				 PUSH	 esi
1    64	00000057  E8 00000000e			 CALL	 GetFileAttributesA
     65
     66	0000005C  E8 00000000e				 call GetLastError
     67	00000061  83 F8	02				 cmp  eax,02h
     68	00000064  74 2D	90 90 90 90			 je  point1
     69
     70	0000006A  83 C8	01				 or eax,1;
     71
     72							 call	 SetFileAttributesA,esi,eax
1    73	0000006D  50				 PUSH	 eax
1    74	0000006E  56				 PUSH	 esi
1    75	0000006F  E8 00000000e			 CALL	 SetFileAttributesA
     76							 call WriteFile,hcons,offset str2,14,numw,0
1    77	00000074  6A 00				 PUSH	 0
1    78	00000076  FF 35	0000000Br		 PUSH	 numw
1    79	0000007C  6A 0E				 PUSH	 14
1    80	0000007E  68 0000000Fr			 PUSH	 offset	str2
1    81	00000083  FF 35	00000007r		 PUSH	 hcons
1    82	00000089  E8 00000000e			 CALL	 WriteFile
     83	0000008E  EB 1D	90 90 90			 jmp end_
     84
     85	00000093			 point1:	 call WriteFile,hcons,offset str1,17,numw,0
1    86	00000093  6A 00				 PUSH	 0
1    87	00000095  FF 35	0000000Br		 PUSH	 numw
1    88	0000009B  6A 11				 PUSH	 17
1    89	0000009D  68 0000001Dr			 PUSH	 offset	str1
1    90	000000A2  FF 35	00000007r		 PUSH	 hcons
1    91	000000A8  E8 00000000e			 CALL	 WriteFile
     92
     93	000000AD			 end_:		     call ExitProcess,0
1    94	000000AD  6A 00				 PUSH	 0
1    95	000000AF  E8 00000000e			 CALL	 ExitProcess
     96					 end _start
Turbo Assembler	 Version 5.0	    11-30-22 09:58:12	    Page 3
Symbol Table




Symbol Name			  Type	 Value

??date				  Text	 "11-30-22"
??filename			  Text	 "code	  "
??time				  Text	 "09:58:12"
??version			  Number 0500
@32Bit				  Text	 1
@CodeSize			  Text	 0
@Cpu				  Text	 0F0FH
@DataSize			  Text	 0
@FileName			  Text	 code
@Interface			  Text	 003h
@Model				  Text	 1
@WordSize			  Text	 4
@code				  Text	 FLAT
@curseg				  Text	 _TEXT
@data				  Text	 FLAT
@stack				  Text	 FLAT
CreateFile			  Alias	 CreateFileA
CreateFileA			  Near16 ----:---- Extern
ExitProcess			  Near16 ----:---- Extern
GENERIC_READ			  Text	 80000000h
GENERIC_WRITE			  Text	 40000000h
GetCommandLine			  Alias	 GetCommandLineA
GetCommandLineA			  Near16 ----:---- Extern
GetFileAttributesA		  Near16 ----:---- Extern
GetLastError			  Near16 ----:---- Extern
OPEN_EXISTING			  Number 0003
STD_OUTPUT_HANDLE		  Number -000B
SetFileAttributesA		  Near16 ----:---- Extern
WriteFile			  Near16 ----:---- Extern
_start				  Near32 FLAT:0000
end_				  Near32 FLAT:00AD
hcons				  Dword	 FLAT:0007
n1				  Near32 FLAT:002C
n2				  Near32 FLAT:0053
n3				  Near32 FLAT:0050
n4				  Near32 FLAT:0056
nameout				  Byte	 FLAT:0000
numw				  Dword	 FLAT:000B
point1				  Near32 FLAT:0093
str1				  Byte	 FLAT:001D
str2				  Byte	 FLAT:000F

Groups & Segments		  Bit Size Align  Combine Class

DGROUP				  Group
  _DATA				  32  002C Dword  Public  DATA
FLAT				  Group
_TEXT				  32  00B4 Dword  Public  CODE
