Turbo Assembler	 Version 4.1	    09/21/22 10:46:48	    Page 1
code.asm



      1	    0000			 data segment
      2	    0000  0001			 X dw 1
      3	    0002			 data ends
      4	    0000			 code segment
      5					 .386
      6					 assume	cs: code, ds: data
      7	    0000  B8 0000s		 mov ax, data
      8	    0003  8E D8			 mov ds, ax
      9	    0005  2B 2E	0000r		 SUB EBP, X;
**Error** code.asm(9) Operand types do not match
     10	    0009  66| 29 47 0C		 SUB [BX+4*3], EAX;
     11	    000D  67| 2A 04 75	      +	 SUB AL, [ESI*2];
     12		  00000000
     13	    0015  66| 67| 2B 04	93	 SUB EAX, [EBX+EDX*4];
     14	    001A  1F			 POP DS;
     15	    001B			 code ends
     16					 end
Turbo Assembler	 Version 4.1	    09/21/22 10:46:48	    Page 2
Symbol Table




Symbol Name			  Type	 Value

??DATE				  Text	 "09/21/22"
??FILENAME			  Text	 "code	  "
??TIME				  Text	 "10:46:48"
??VERSION			  Number 040A
@CPU				  Text	 0F0FH
@CURSEG				  Text	 CODE
@FILENAME			  Text	 CODE
@WORDSIZE			  Text	 4
X				  Word	 DATA:0000

Groups & Segments		  Bit Size Align  Combine Class

CODE				  16  001B Para	  none
DATA				  16  0002 Para	  none
Turbo Assembler	 Version 4.1	    09/21/22 10:46:48	    Page 3
Error Summary



**Error** code.asm(9) Operand types do not match
